# JRE version: OpenJDK Runtime Environment (8.0_152-b01) (build 1.8.0_152-release-1248-b01)
# Java VM: OpenJDK 64-Bit Server VM (25.152-b01 mixed mode windows-amd64 compressed oops)
Heap:
 PSYoungGen      total 304640K, used 222362K [0x00000000e0000000, 0x00000000f9500000, 0x0000000100000000)
  eden space 284160K, 71% used [0x00000000e0000000,0x00000000ec52caa8,0x00000000f1580000)
  from space 20480K, 99% used [0x00000000f1580000,0x00000000f297a148,0x00000000f2980000)
  to   space 31232K, 0% used [0x00000000f7680000,0x00000000f7680000,0x00000000f9500000)
 ParOldGen       total 77824K, used 50103K [0x00000000a0000000, 0x00000000a4c00000, 0x00000000e0000000)
  object space 77824K, 64% used [0x00000000a0000000,0x00000000a30edda8,0x00000000a4c00000)
 Metaspace       used 73604K, capacity 75930K, committed 76184K, reserved 1116160K
  class space    used 9490K, capacity 10085K, committed 10152K, reserved 1048576K
GC Heap History (10 events):
Event: 34.194 GC heap before
{Heap before GC invocations=16 (full 2):
 PSYoungGen      total 178176K, used 169083K [0x00000000e0000000, 0x00000000ee380000, 0x0000000100000000)
  eden space 166912K, 100% used [0x00000000e0000000,0x00000000ea300000,0x00000000ea300000)
  from space 11264K, 19% used [0x00000000ea300000,0x00000000ea51ed70,0x00000000eae00000)
  to   space 11264K, 0% used [0x00000000ed880000,0x00000000ed880000,0x00000000ee380000)
 ParOldGen       total 51200K, used 18456K [0x00000000a0000000, 0x00000000a3200000, 0x00000000e0000000)
  object space 51200K, 36% used [0x00000000a0000000,0x00000000a1206158,0x00000000a3200000)
 Metaspace       used 56619K, capacity 57816K, committed 58024K, reserved 1099776K
  class space    used 7415K, capacity 7778K, committed 7848K, reserved 1048576K
Event: 34.219 GC heap after
Heap after GC invocations=16 (full 2):
 PSYoungGen      total 216064K, used 11246K [0x00000000e0000000, 0x00000000eec00000, 0x0000000100000000)
  eden space 204800K, 0% used [0x00000000e0000000,0x00000000e0000000,0x00000000ec800000)
  from space 11264K, 99% used [0x00000000ed880000,0x00000000ee37b970,0x00000000ee380000)
  to   space 16896K, 0% used [0x00000000ec800000,0x00000000ec800000,0x00000000ed880000)
 ParOldGen       total 51200K, used 28797K [0x00000000a0000000, 0x00000000a3200000, 0x00000000e0000000)
  object space 51200K, 56% used [0x00000000a0000000,0x00000000a1c1f620,0x00000000a3200000)
 Metaspace       used 56619K, capacity 57816K, committed 58024K, reserved 1099776K
  class space    used 7415K, capacity 7778K, committed 7848K, reserved 1048576K
}
Event: 34.369 GC heap before
{Heap before GC invocations=17 (full 2):
 PSYoungGen      total 216064K, used 18174K [0x00000000e0000000, 0x00000000eec00000, 0x0000000100000000)
  eden space 204800K, 3% used [0x00000000e0000000,0x00000000e06c3f98,0x00000000ec800000)
  from space 11264K, 99% used [0x00000000ed880000,0x00000000ee37b970,0x00000000ee380000)
  to   space 16896K, 0% used [0x00000000ec800000,0x00000000ec800000,0x00000000ed880000)
 ParOldGen       total 51200K, used 28797K [0x00000000a0000000, 0x00000000a3200000, 0x00000000e0000000)
  object space 51200K, 56% used [0x00000000a0000000,0x00000000a1c1f620,0x00000000a3200000)
 Metaspace       used 57668K, capacity 59020K, committed 59160K, reserved 1099776K
  class space    used 7562K, capacity 7954K, committed 7976K, reserved 1048576K
Event: 34.390 GC heap after
Heap after GC invocations=17 (full 2):
 PSYoungGen      total 221696K, used 1289K [0x00000000e0000000, 0x00000000f3a00000, 0x0000000100000000)
  eden space 204800K, 0% used [0x00000000e0000000,0x00000000e0000000,0x00000000ec800000)
  from space 16896K, 7% used [0x00000000ec800000,0x00000000ec9426d0,0x00000000ed880000)
  to   space 16896K, 0% used [0x00000000f2980000,0x00000000f2980000,0x00000000f3a00000)
 ParOldGen       total 51200K, used 39878K [0x00000000a0000000, 0x00000000a3200000, 0x00000000e0000000)
  object space 51200K, 77% used [0x00000000a0000000,0x00000000a26f1878,0x00000000a3200000)
 Metaspace       used 57668K, capacity 59020K, committed 59160K, reserved 1099776K
  class space    used 7562K, capacity 7954K, committed 7976K, reserved 1048576K
}
Event: 34.390 GC heap before
{Heap before GC invocations=18 (full 3):
 PSYoungGen      total 221696K, used 1289K [0x00000000e0000000, 0x00000000f3a00000, 0x0000000100000000)
  eden space 204800K, 0% used [0x00000000e0000000,0x00000000e0000000,0x00000000ec800000)
  from space 16896K, 7% used [0x00000000ec800000,0x00000000ec9426d0,0x00000000ed880000)
  to   space 16896K, 0% used [0x00000000f2980000,0x00000000f2980000,0x00000000f3a00000)
 ParOldGen       total 51200K, used 39878K [0x00000000a0000000, 0x00000000a3200000, 0x00000000e0000000)
  object space 51200K, 77% used [0x00000000a0000000,0x00000000a26f1878,0x00000000a3200000)
 Metaspace       used 57668K, capacity 59020K, committed 59160K, reserved 1099776K
  class space    used 7562K, capacity 7954K, committed 7976K, reserved 1048576K
Event: 34.735 GC heap after
Heap after GC invocations=18 (full 3):
 PSYoungGen      total 221696K, used 0K [0x00000000e0000000, 0x00000000f3a00000, 0x0000000100000000)
  eden space 204800K, 0% used [0x00000000e0000000,0x00000000e0000000,0x00000000ec800000)
  from space 16896K, 0% used [0x00000000ec800000,0x00000000ec800000,0x00000000ed880000)
  to   space 16896K, 0% used [0x00000000f2980000,0x00000000f2980000,0x00000000f3a00000)
 ParOldGen       total 77824K, used 29572K [0x00000000a0000000, 0x00000000a4c00000, 0x00000000e0000000)
  object space 77824K, 37% used [0x00000000a0000000,0x00000000a1ce1258,0x00000000a4c00000)
 Metaspace       used 57629K, capacity 58914K, committed 59160K, reserved 1099776K
  class space    used 7550K, capacity 7940K, committed 7976K, reserved 1048576K
}
Event: 42.359 GC heap before
{Heap before GC invocations=19 (full 3):
 PSYoungGen      total 221696K, used 204800K [0x00000000e0000000, 0x00000000f3a00000, 0x0000000100000000)
  eden space 204800K, 100% used [0x00000000e0000000,0x00000000ec800000,0x00000000ec800000)
  from space 16896K, 0% used [0x00000000ec800000,0x00000000ec800000,0x00000000ed880000)
  to   space 16896K, 0% used [0x00000000f2980000,0x00000000f2980000,0x00000000f3a00000)
 ParOldGen       total 77824K, used 29572K [0x00000000a0000000, 0x00000000a4c00000, 0x00000000e0000000)
  object space 77824K, 37% used [0x00000000a0000000,0x00000000a1ce1258,0x00000000a4c00000)
 Metaspace       used 66846K, capacity 68616K, committed 68760K, reserved 1107968K
  class space    used 8873K, capacity 9307K, committed 9384K, reserved 1048576K
Event: 42.401 GC heap after
Heap after GC invocations=19 (full 3):
 PSYoungGen      total 301056K, used 16884K [0x00000000e0000000, 0x00000000f3d80000, 0x0000000100000000)
  eden space 284160K, 0% used [0x00000000e0000000,0x00000000e0000000,0x00000000f1580000)
  from space 16896K, 99% used [0x00000000f2980000,0x00000000f39fd018,0x00000000f3a00000)
  to   space 20480K, 0% used [0x00000000f1580000,0x00000000f1580000,0x00000000f2980000)
 ParOldGen       total 77824K, used 31050K [0x00000000a0000000, 0x00000000a4c00000, 0x00000000e0000000)
  object space 77824K, 39% used [0x00000000a0000000,0x00000000a1e52a20,0x00000000a4c00000)
 Metaspace       used 66846K, capacity 68616K, committed 68760K, reserved 1107968K
  class space    used 8873K, capacity 9307K, committed 9384K, reserved 1048576K
}
Event: 48.292 GC heap before
{Heap before GC invocations=20 (full 3):
 PSYoungGen      total 301056K, used 301044K [0x00000000e0000000, 0x00000000f3d80000, 0x0000000100000000)
  eden space 284160K, 100% used [0x00000000e0000000,0x00000000f1580000,0x00000000f1580000)
  from space 16896K, 99% used [0x00000000f2980000,0x00000000f39fd018,0x00000000f3a00000)
  to   space 20480K, 0% used [0x00000000f1580000,0x00000000f1580000,0x00000000f2980000)
 ParOldGen       total 77824K, used 31050K [0x00000000a0000000, 0x00000000a4c00000, 0x00000000e0000000)
  object space 77824K, 39% used [0x00000000a0000000,0x00000000a1e52a20,0x00000000a4c00000)
 Metaspace       used 71320K, capacity 73322K, committed 73624K, reserved 1114112K
  class space    used 9278K, capacity 9806K, committed 9896K, reserved 1048576K
Event: 48.347 GC heap after
Heap after GC invocations=20 (full 3):
 PSYoungGen      total 304640K, used 20456K [0x00000000e0000000, 0x00000000f9500000, 0x0000000100000000)
  eden space 284160K, 0% used [0x00000000e0000000,0x00000000e0000000,0x00000000f1580000)
  from space 20480K, 99% used [0x00000000f1580000,0x00000000f297a148,0x00000000f2980000)
  to   space 31232K, 0% used [0x00000000f7680000,0x00000000f7680000,0x00000000f9500000)
 ParOldGen       total 77824K, used 50103K [0x00000000a0000000, 0x00000000a4c00000, 0x00000000e0000000)
  object space 77824K, 64% used [0x00000000a0000000,0x00000000a30edda8,0x00000000a4c00000)
 Metaspace       used 71320K, capacity 73322K, committed 73624K, reserved 1114112K
  class space    used 9278K, capacity 9806K, committed 9896K, reserved 1048576K
}

